<?xml version="1.0" encoding="UTF-8"?>
<!-- Generated by org.testng.reporters.JUnitXMLReporter -->
<testsuite ignored="1" hostname="Edmond" failures="0" tests="4" name="Suite2" time="3.956" errors="0" timestamp="2025-01-02T05:04:47 HKT">
  <testcase classname="GoogleWalkthrough.googleSearch_Testng" name="setup1" time="0.629"/>
  <testcase classname="GoogleWalkthrough.googleSearch_Testng" name="setup2" time="2.031"/>
  <testcase classname="GoogleWalkthrough.googleSearch_Testng" name="setup3" time="0.14"/>
  <testcase classname="GoogleWalkthrough.googleSearch_Testng" name="setup4" time="0.192"/>
  <testcase classname="GoogleWalkthrough.googleSearch_Testng" name="setup5" time="0.0">
    <ignored/>
  </testcase> <!-- setup5 -->
</testsuite> <!-- Suite2 -->
