<?xml version="1.0" encoding="UTF-8"?>
<!-- Generated by org.testng.reporters.JUnitXMLReporter -->
<testsuite ignored="0" hostname="Edmond" failures="0" tests="5" name="Suite2" time="6.916" errors="0" timestamp="2025-01-02T03:36:44 HKT">
  <testcase classname="GoogleWalkthrough.googleSearch_Testng" name="setup1" time="1.873"/>
  <testcase classname="GoogleWalkthrough.googleSearch_Testng" name="setup2" time="2.779"/>
  <testcase classname="GoogleWalkthrough.googleSearch_Testng" name="setup3" time="0.202"/>
  <testcase classname="GoogleWalkthrough.googleSearch_Testng" name="setup4" time="0.192"/>
  <testcase classname="GoogleWalkthrough.googleSearch_Testng" name="setup5" time="0.437"/>
</testsuite> <!-- Suite2 -->
