<?xml version="1.0" encoding="UTF-8"?>
<!-- Generated by org.testng.reporters.JUnitXMLReporter -->
<testsuite ignored="0" hostname="Edmond" failures="0" tests="5" name="Suite3" time="4.221" errors="0" timestamp="2025-01-02T05:04:51 HKT">
  <testcase classname="GoogleWalkthrough.googleSearch_Testng" name="setup1" time="0.698"/>
  <testcase classname="GoogleWalkthrough.googleSearch_Testng" name="setup2" time="1.814"/>
  <testcase classname="GoogleWalkthrough.googleSearch_Testng" name="setup3" time="0.106"/>
  <testcase classname="GoogleWalkthrough.googleSearch_Testng" name="setup4" time="0.174"/>
  <testcase classname="GoogleWalkthrough.googleSearch_Testng" name="setup5" time="0.423"/>
</testsuite> <!-- Suite3 -->
