<?xml version="1.0" encoding="UTF-8"?>
<!-- Generated by org.testng.reporters.JUnitXMLReporter -->
<testsuite ignored="1" hostname="Edmond" failures="0" tests="4" name="Suite1" time="4.673" errors="0" timestamp="2025-01-02T05:04:43 HKT">
  <testcase classname="GoogleWalkthrough.googleSearch_Testng" name="setup1" time="0.682"/>
  <testcase classname="GoogleWalkthrough.googleSearch_Testng" name="setup2" time="2.145"/>
  <testcase classname="GoogleWalkthrough.googleSearch_Testng" name="setup3" time="0.118"/>
  <testcase classname="GoogleWalkthrough.googleSearch_Testng" name="setup4" time="0.165"/>
  <testcase classname="GoogleWalkthrough.googleSearch_Testng" name="setup5" time="0.0">
    <ignored/>
  </testcase> <!-- setup5 -->
</testsuite> <!-- Suite1 -->
