<?xml version="1.0" encoding="UTF-8"?>
<!-- Generated by org.testng.reporters.JUnitXMLReporter -->
<testsuite ignored="0" hostname="Edmond" failures="0" tests="5" name="Suite1" time="6.136" errors="0" timestamp="2025-01-02T03:36:44 HKT">
  <testcase classname="GoogleWalkthrough.googleSearch_Testng" name="setup1" time="0.656"/>
  <testcase classname="GoogleWalkthrough.googleSearch_Testng" name="setup2" time="1.763"/>
  <testcase classname="GoogleWalkthrough.googleSearch_Testng" name="setup3" time="0.139"/>
  <testcase classname="GoogleWalkthrough.googleSearch_Testng" name="setup4" time="0.231"/>
  <testcase classname="GoogleWalkthrough.googleSearch_Testng" name="setup5" time="1.718"/>
</testsuite> <!-- Suite1 -->
