<?xml version="1.0" encoding="UTF-8"?>
<testng-results ignored="0" total="10" passed="10" failed="0" skipped="0">
  <reporter-output>
  </reporter-output>
  <suite started-at="2025-01-02T03:36:38 HKT" name="All Test" finished-at="2025-01-02T03:36:44 HKT" duration-ms="6916">
    <groups>
    </groups>
    <test started-at="2025-01-02T03:36:38 HKT" name="Suite1" finished-at="2025-01-02T03:36:44 HKT" duration-ms="6136">
      <class name="GoogleWalkthrough.googleSearch_Testng">
        <test-method is-config="true" signature="setup0()[pri:0, instance:GoogleWalkthrough.googleSearch_Testng@ef9296d]" started-at="2025-01-02T03:36:38 HKT" name="setup0" finished-at="2025-01-02T03:36:39 HKT" duration-ms="1143" status="PASS">
          <reporter-output>
          </reporter-output>
        </test-method> <!-- setup0 -->
        <test-method signature="setup1()[pri:0, instance:GoogleWalkthrough.googleSearch_Testng@ef9296d]" started-at="2025-01-02T03:36:39 HKT" name="setup1" finished-at="2025-01-02T03:36:39 HKT" duration-ms="656" status="PASS">
          <reporter-output>
          </reporter-output>
        </test-method> <!-- setup1 -->
        <test-method signature="setup2()[pri:0, instance:GoogleWalkthrough.googleSearch_Testng@ef9296d]" started-at="2025-01-02T03:36:39 HKT" name="setup2" finished-at="2025-01-02T03:36:41 HKT" duration-ms="1763" status="PASS">
          <reporter-output>
          </reporter-output>
        </test-method> <!-- setup2 -->
        <test-method signature="setup3()[pri:0, instance:GoogleWalkthrough.googleSearch_Testng@ef9296d]" started-at="2025-01-02T03:36:41 HKT" name="setup3" finished-at="2025-01-02T03:36:41 HKT" duration-ms="139" status="PASS">
          <reporter-output>
          </reporter-output>
        </test-method> <!-- setup3 -->
        <test-method signature="setup4()[pri:0, instance:GoogleWalkthrough.googleSearch_Testng@ef9296d]" started-at="2025-01-02T03:36:41 HKT" name="setup4" finished-at="2025-01-02T03:36:42 HKT" duration-ms="231" status="PASS">
          <reporter-output>
          </reporter-output>
        </test-method> <!-- setup4 -->
        <test-method signature="setup5()[pri:0, instance:GoogleWalkthrough.googleSearch_Testng@ef9296d]" started-at="2025-01-02T03:36:42 HKT" name="setup5" finished-at="2025-01-02T03:36:43 HKT" duration-ms="1718" status="PASS">
          <reporter-output>
          </reporter-output>
        </test-method> <!-- setup5 -->
        <test-method is-config="true" signature="setupp()[pri:0, instance:GoogleWalkthrough.googleSearch_Testng@ef9296d]" started-at="2025-01-02T03:36:43 HKT" name="setupp" finished-at="2025-01-02T03:36:44 HKT" duration-ms="454" status="PASS">
          <reporter-output>
          </reporter-output>
        </test-method> <!-- setupp -->
      </class> <!-- GoogleWalkthrough.googleSearch_Testng -->
    </test> <!-- Suite1 -->
    <test started-at="2025-01-02T03:36:38 HKT" name="Suite2" finished-at="2025-01-02T03:36:44 HKT" duration-ms="6916">
      <class name="GoogleWalkthrough.googleSearch_Testng">
        <test-method is-config="true" signature="setup0()[pri:0, instance:GoogleWalkthrough.googleSearch_Testng@31368b99]" started-at="2025-01-02T03:36:38 HKT" name="setup0" finished-at="2025-01-02T03:36:39 HKT" duration-ms="1143" status="PASS">
          <reporter-output>
          </reporter-output>
        </test-method> <!-- setup0 -->
        <test-method signature="setup1()[pri:0, instance:GoogleWalkthrough.googleSearch_Testng@31368b99]" started-at="2025-01-02T03:36:39 HKT" name="setup1" finished-at="2025-01-02T03:36:41 HKT" duration-ms="1873" status="PASS">
          <reporter-output>
          </reporter-output>
        </test-method> <!-- setup1 -->
        <test-method signature="setup2()[pri:0, instance:GoogleWalkthrough.googleSearch_Testng@31368b99]" started-at="2025-01-02T03:36:41 HKT" name="setup2" finished-at="2025-01-02T03:36:43 HKT" duration-ms="2779" status="PASS">
          <reporter-output>
          </reporter-output>
        </test-method> <!-- setup2 -->
        <test-method signature="setup3()[pri:0, instance:GoogleWalkthrough.googleSearch_Testng@31368b99]" started-at="2025-01-02T03:36:43 HKT" name="setup3" finished-at="2025-01-02T03:36:44 HKT" duration-ms="202" status="PASS">
          <reporter-output>
          </reporter-output>
        </test-method> <!-- setup3 -->
        <test-method signature="setup4()[pri:0, instance:GoogleWalkthrough.googleSearch_Testng@31368b99]" started-at="2025-01-02T03:36:44 HKT" name="setup4" finished-at="2025-01-02T03:36:44 HKT" duration-ms="192" status="PASS">
          <reporter-output>
          </reporter-output>
        </test-method> <!-- setup4 -->
        <test-method signature="setup5()[pri:0, instance:GoogleWalkthrough.googleSearch_Testng@31368b99]" started-at="2025-01-02T03:36:44 HKT" name="setup5" finished-at="2025-01-02T03:36:44 HKT" duration-ms="437" status="PASS">
          <reporter-output>
          </reporter-output>
        </test-method> <!-- setup5 -->
        <test-method is-config="true" signature="setupp()[pri:0, instance:GoogleWalkthrough.googleSearch_Testng@31368b99]" started-at="2025-01-02T03:36:44 HKT" name="setupp" finished-at="2025-01-02T03:36:44 HKT" duration-ms="264" status="PASS">
          <reporter-output>
          </reporter-output>
        </test-method> <!-- setupp -->
      </class> <!-- GoogleWalkthrough.googleSearch_Testng -->
    </test> <!-- Suite2 -->
  </suite> <!-- All Test -->
</testng-results>
