<?xml version="1.0" encoding="UTF-8"?>
<testng-results ignored="0" total="13" passed="13" failed="0" skipped="0">
  <reporter-output>
  </reporter-output>
  <suite started-at="2025-01-02T05:04:38 HKT" name="All Test" finished-at="2025-01-02T05:04:51 HKT" duration-ms="12865">
    <groups>
    </groups>
    <test started-at="2025-01-02T05:04:38 HKT" name="Suite1" finished-at="2025-01-02T05:04:43 HKT" duration-ms="4673">
      <class name="GoogleWalkthrough.googleSearch_Testng">
        <test-method is-config="true" signature="setup0()[pri:0, instance:GoogleWalkthrough.googleSearch_Testng@6fe7aac8]" started-at="2025-01-02T05:04:38 HKT" name="setup0" finished-at="2025-01-02T05:04:39 HKT" duration-ms="1122" status="PASS">
          <reporter-output>
          </reporter-output>
        </test-method> <!-- setup0 -->
        <test-method signature="setup1()[pri:0, instance:GoogleWalkthrough.googleSearch_Testng@6fe7aac8]" started-at="2025-01-02T05:04:39 HKT" name="setup1" finished-at="2025-01-02T05:04:40 HKT" duration-ms="682" status="PASS">
          <reporter-output>
          </reporter-output>
        </test-method> <!-- setup1 -->
        <test-method signature="setup2()[pri:0, instance:GoogleWalkthrough.googleSearch_Testng@6fe7aac8]" started-at="2025-01-02T05:04:40 HKT" name="setup2" finished-at="2025-01-02T05:04:42 HKT" duration-ms="2145" status="PASS">
          <reporter-output>
          </reporter-output>
        </test-method> <!-- setup2 -->
        <test-method signature="setup3()[pri:0, instance:GoogleWalkthrough.googleSearch_Testng@6fe7aac8]" started-at="2025-01-02T05:04:42 HKT" name="setup3" finished-at="2025-01-02T05:04:42 HKT" duration-ms="118" status="PASS">
          <reporter-output>
          </reporter-output>
        </test-method> <!-- setup3 -->
        <test-method signature="setup4()[pri:0, instance:GoogleWalkthrough.googleSearch_Testng@6fe7aac8]" started-at="2025-01-02T05:04:42 HKT" name="setup4" finished-at="2025-01-02T05:04:43 HKT" duration-ms="165" status="PASS">
          <reporter-output>
          </reporter-output>
        </test-method> <!-- setup4 -->
        <test-method is-config="true" signature="setup6()[pri:0, instance:GoogleWalkthrough.googleSearch_Testng@6fe7aac8]" started-at="2025-01-02T05:04:43 HKT" name="setup6" finished-at="2025-01-02T05:04:43 HKT" duration-ms="417" status="PASS">
          <reporter-output>
          </reporter-output>
        </test-method> <!-- setup6 -->
      </class> <!-- GoogleWalkthrough.googleSearch_Testng -->
    </test> <!-- Suite1 -->
    <test started-at="2025-01-02T05:04:43 HKT" name="Suite2" finished-at="2025-01-02T05:04:47 HKT" duration-ms="3956">
      <class name="GoogleWalkthrough.googleSearch_Testng">
        <test-method is-config="true" signature="setup0()[pri:0, instance:GoogleWalkthrough.googleSearch_Testng@3d51f06e]" started-at="2025-01-02T05:04:43 HKT" name="setup0" finished-at="2025-01-02T05:04:44 HKT" duration-ms="716" status="PASS">
          <reporter-output>
          </reporter-output>
        </test-method> <!-- setup0 -->
        <test-method signature="setup1()[pri:0, instance:GoogleWalkthrough.googleSearch_Testng@3d51f06e]" started-at="2025-01-02T05:04:44 HKT" name="setup1" finished-at="2025-01-02T05:04:44 HKT" duration-ms="629" status="PASS">
          <reporter-output>
          </reporter-output>
        </test-method> <!-- setup1 -->
        <test-method signature="setup2()[pri:0, instance:GoogleWalkthrough.googleSearch_Testng@3d51f06e]" started-at="2025-01-02T05:04:44 HKT" name="setup2" finished-at="2025-01-02T05:04:46 HKT" duration-ms="2031" status="PASS">
          <reporter-output>
          </reporter-output>
        </test-method> <!-- setup2 -->
        <test-method signature="setup3()[pri:0, instance:GoogleWalkthrough.googleSearch_Testng@3d51f06e]" started-at="2025-01-02T05:04:46 HKT" name="setup3" finished-at="2025-01-02T05:04:47 HKT" duration-ms="140" status="PASS">
          <reporter-output>
          </reporter-output>
        </test-method> <!-- setup3 -->
        <test-method signature="setup4()[pri:0, instance:GoogleWalkthrough.googleSearch_Testng@3d51f06e]" started-at="2025-01-02T05:04:47 HKT" name="setup4" finished-at="2025-01-02T05:04:47 HKT" duration-ms="192" status="PASS">
          <reporter-output>
          </reporter-output>
        </test-method> <!-- setup4 -->
        <test-method is-config="true" signature="setup6()[pri:0, instance:GoogleWalkthrough.googleSearch_Testng@3d51f06e]" started-at="2025-01-02T05:04:47 HKT" name="setup6" finished-at="2025-01-02T05:04:47 HKT" duration-ms="244" status="PASS">
          <reporter-output>
          </reporter-output>
        </test-method> <!-- setup6 -->
      </class> <!-- GoogleWalkthrough.googleSearch_Testng -->
    </test> <!-- Suite2 -->
    <test started-at="2025-01-02T05:04:47 HKT" name="Suite3" finished-at="2025-01-02T05:04:51 HKT" duration-ms="4221">
      <class name="GoogleWalkthrough.googleSearch_Testng">
        <test-method is-config="true" signature="setup0()[pri:0, instance:GoogleWalkthrough.googleSearch_Testng@28eaa59a]" started-at="2025-01-02T05:04:47 HKT" name="setup0" finished-at="2025-01-02T05:04:48 HKT" duration-ms="748" status="PASS">
          <reporter-output>
          </reporter-output>
        </test-method> <!-- setup0 -->
        <test-method signature="setup1()[pri:0, instance:GoogleWalkthrough.googleSearch_Testng@28eaa59a]" started-at="2025-01-02T05:04:48 HKT" name="setup1" finished-at="2025-01-02T05:04:48 HKT" duration-ms="698" status="PASS">
          <reporter-output>
          </reporter-output>
        </test-method> <!-- setup1 -->
        <test-method signature="setup2()[pri:0, instance:GoogleWalkthrough.googleSearch_Testng@28eaa59a]" started-at="2025-01-02T05:04:48 HKT" name="setup2" finished-at="2025-01-02T05:04:50 HKT" duration-ms="1814" status="PASS">
          <reporter-output>
          </reporter-output>
        </test-method> <!-- setup2 -->
        <test-method signature="setup3()[pri:0, instance:GoogleWalkthrough.googleSearch_Testng@28eaa59a]" started-at="2025-01-02T05:04:50 HKT" name="setup3" finished-at="2025-01-02T05:04:50 HKT" duration-ms="106" status="PASS">
          <reporter-output>
          </reporter-output>
        </test-method> <!-- setup3 -->
        <test-method signature="setup4()[pri:0, instance:GoogleWalkthrough.googleSearch_Testng@28eaa59a]" started-at="2025-01-02T05:04:50 HKT" name="setup4" finished-at="2025-01-02T05:04:51 HKT" duration-ms="174" status="PASS">
          <reporter-output>
          </reporter-output>
        </test-method> <!-- setup4 -->
        <test-method signature="setup5()[pri:0, instance:GoogleWalkthrough.googleSearch_Testng@28eaa59a]" started-at="2025-01-02T05:04:51 HKT" name="setup5" finished-at="2025-01-02T05:04:51 HKT" duration-ms="423" status="PASS">
          <reporter-output>
          </reporter-output>
        </test-method> <!-- setup5 -->
        <test-method is-config="true" signature="setup6()[pri:0, instance:GoogleWalkthrough.googleSearch_Testng@28eaa59a]" started-at="2025-01-02T05:04:51 HKT" name="setup6" finished-at="2025-01-02T05:04:51 HKT" duration-ms="253" status="PASS">
          <reporter-output>
          </reporter-output>
        </test-method> <!-- setup6 -->
      </class> <!-- GoogleWalkthrough.googleSearch_Testng -->
    </test> <!-- Suite3 -->
  </suite> <!-- All Test -->
</testng-results>
